running egg_info
creating ../../build/boat_control/boat_control.egg-info
writing ../../build/boat_control/boat_control.egg-info/PKG-INFO
writing dependency_links to ../../build/boat_control/boat_control.egg-info/dependency_links.txt
writing entry points to ../../build/boat_control/boat_control.egg-info/entry_points.txt
writing requirements to ../../build/boat_control/boat_control.egg-info/requires.txt
writing top-level names to ../../build/boat_control/boat_control.egg-info/top_level.txt
writing manifest file '../../build/boat_control/boat_control.egg-info/SOURCES.txt'
reading manifest file '../../build/boat_control/boat_control.egg-info/SOURCES.txt'
writing manifest file '../../build/boat_control/boat_control.egg-info/SOURCES.txt'
running build
running build_py
creating /home/pk/simu/build/boat_control/build
creating /home/pk/simu/build/boat_control/build/lib
creating /home/pk/simu/build/boat_control/build/lib/boat_control
copying boat_control/boat_teleop.py -> /home/pk/simu/build/boat_control/build/lib/boat_control
copying boat_control/__init__.py -> /home/pk/simu/build/boat_control/build/lib/boat_control
running install
running install_lib
creating /home/pk/simu/install/boat_control/lib/python3.10/site-packages/boat_control
copying /home/pk/simu/build/boat_control/build/lib/boat_control/boat_teleop.py -> /home/pk/simu/install/boat_control/lib/python3.10/site-packages/boat_control
copying /home/pk/simu/build/boat_control/build/lib/boat_control/__init__.py -> /home/pk/simu/install/boat_control/lib/python3.10/site-packages/boat_control
byte-compiling /home/pk/simu/install/boat_control/lib/python3.10/site-packages/boat_control/boat_teleop.py to boat_teleop.cpython-310.pyc
byte-compiling /home/pk/simu/install/boat_control/lib/python3.10/site-packages/boat_control/__init__.py to __init__.cpython-310.pyc
running install_data
creating /home/pk/simu/install/boat_control/share/ament_index
creating /home/pk/simu/install/boat_control/share/ament_index/resource_index
creating /home/pk/simu/install/boat_control/share/ament_index/resource_index/packages
copying resource/boat_control -> /home/pk/simu/install/boat_control/share/ament_index/resource_index/packages
copying package.xml -> /home/pk/simu/install/boat_control/share/boat_control
creating /home/pk/simu/install/boat_control/share/boat_control/launch
copying launch/boat_bridge.launch.py -> /home/pk/simu/install/boat_control/share/boat_control/launch
running install_egg_info
Copying ../../build/boat_control/boat_control.egg-info to /home/pk/simu/install/boat_control/lib/python3.10/site-packages/boat_control-0.0.0-py3.10.egg-info
running install_scripts
writing list of installed files to '/home/pk/simu/build/boat_control/install.log'
