running egg_info
writing ../../build/boat_control/boat_control.egg-info/PKG-INFO
writing dependency_links to ../../build/boat_control/boat_control.egg-info/dependency_links.txt
writing entry points to ../../build/boat_control/boat_control.egg-info/entry_points.txt
writing requirements to ../../build/boat_control/boat_control.egg-info/requires.txt
writing top-level names to ../../build/boat_control/boat_control.egg-info/top_level.txt
reading manifest file '../../build/boat_control/boat_control.egg-info/SOURCES.txt'
writing manifest file '../../build/boat_control/boat_control.egg-info/SOURCES.txt'
running build
running build_py
copying boat_control/boat_teleop.py -> /home/pk/simu/build/boat_control/build/lib/boat_control
running install
running install_lib
copying /home/pk/simu/build/boat_control/build/lib/boat_control/boat_teleop.py -> /home/pk/simu/install/boat_control/lib/python3.10/site-packages/boat_control
byte-compiling /home/pk/simu/install/boat_control/lib/python3.10/site-packages/boat_control/boat_teleop.py to boat_teleop.cpython-310.pyc
running install_data
copying launch/boat_bridge.launch.py -> /home/pk/simu/install/boat_control/share/boat_control/launch
running install_egg_info
removing '/home/pk/simu/install/boat_control/lib/python3.10/site-packages/boat_control-0.0.0-py3.10.egg-info' (and everything under it)
Copying ../../build/boat_control/boat_control.egg-info to /home/pk/simu/install/boat_control/lib/python3.10/site-packages/boat_control-0.0.0-py3.10.egg-info
running install_scripts
Installing teleop script to /home/pk/simu/install/boat_control/lib/boat_control
writing list of installed files to '/home/pk/simu/build/boat_control/install.log'
