[0.348s] Invoking command in '/home/vedanti/simuletion/build/boat_control': PYTHONPATH=/home/vedanti/simuletion/build/boat_control/prefix_override:/usr/lib/python3/dist-packages/colcon_core/task/python/colcon_distutils_commands:/home/vedanti/simuletion/install/boat_control/lib/python3.10/site-packages:${PYTHONPATH} /usr/bin/python3 -W ignore:setup.py install is deprecated -W ignore:easy_install command is deprecated setup.py develop --editable --build-directory /home/vedanti/simuletion/build/boat_control/build --no-deps symlink_data
[0.493s] running develop
[0.569s] running egg_info
[0.569s] writing boat_control.egg-info/PKG-INFO
[0.569s] writing dependency_links to boat_control.egg-info/dependency_links.txt
[0.570s] writing entry points to boat_control.egg-info/entry_points.txt
[0.570s] writing requirements to boat_control.egg-info/requires.txt
[0.570s] writing top-level names to boat_control.egg-info/top_level.txt
[0.571s] reading manifest file 'boat_control.egg-info/SOURCES.txt'
[0.571s] writing manifest file 'boat_control.egg-info/SOURCES.txt'
[0.572s] running build_ext
[0.572s] Creating /home/vedanti/simuletion/install/boat_control/lib/python3.10/site-packages/boat-control.egg-link (link to .)
[0.573s] Installing absolute_mapper script to /home/vedanti/simuletion/install/boat_control/lib/boat_control
[0.573s] Installing auto_explorer script to /home/vedanti/simuletion/install/boat_control/lib/boat_control
[0.573s] Installing auto_wander script to /home/vedanti/simuletion/install/boat_control/lib/boat_control
[0.573s] Installing dwa_explorer script to /home/vedanti/simuletion/install/boat_control/lib/boat_control
[0.573s] Installing lidar_explorer script to /home/vedanti/simuletion/install/boat_control/lib/boat_control
[0.573s] Installing pose_to_tf script to /home/vedanti/simuletion/install/boat_control/lib/boat_control
[0.573s] Installing smart_explorer script to /home/vedanti/simuletion/install/boat_control/lib/boat_control
[0.574s] Installing teleop script to /home/vedanti/simuletion/install/boat_control/lib/boat_control
[0.574s] 
[0.574s] Installed /home/vedanti/simuletion/build/boat_control
[0.574s] running symlink_data
[0.592s] Invoked command in '/home/vedanti/simuletion/build/boat_control' returned '0': PYTHONPATH=/home/vedanti/simuletion/build/boat_control/prefix_override:/usr/lib/python3/dist-packages/colcon_core/task/python/colcon_distutils_commands:/home/vedanti/simuletion/install/boat_control/lib/python3.10/site-packages:${PYTHONPATH} /usr/bin/python3 -W ignore:setup.py install is deprecated -W ignore:easy_install command is deprecated setup.py develop --editable --build-directory /home/vedanti/simuletion/build/boat_control/build --no-deps symlink_data
