[0.371s] Invoking command in '/home/pk/simu/src/boat_control': PYTHONPATH=/home/pk/simu/build/boat_control/prefix_override:/usr/lib/python3/dist-packages/colcon_core/task/python/colcon_distutils_commands:/home/pk/simu/install/boat_control/lib/python3.10/site-packages:${PYTHONPATH} /usr/bin/python3 -W ignore:setup.py install is deprecated -W ignore:easy_install command is deprecated setup.py egg_info --egg-base ../../build/boat_control build --build-base /home/pk/simu/build/boat_control/build install --record /home/pk/simu/build/boat_control/install.log --single-version-externally-managed install_data
[0.534s] running egg_info
[0.535s] writing ../../build/boat_control/boat_control.egg-info/PKG-INFO
[0.535s] writing dependency_links to ../../build/boat_control/boat_control.egg-info/dependency_links.txt
[0.535s] writing entry points to ../../build/boat_control/boat_control.egg-info/entry_points.txt
[0.535s] writing requirements to ../../build/boat_control/boat_control.egg-info/requires.txt
[0.535s] writing top-level names to ../../build/boat_control/boat_control.egg-info/top_level.txt
[0.536s] reading manifest file '../../build/boat_control/boat_control.egg-info/SOURCES.txt'
[0.537s] writing manifest file '../../build/boat_control/boat_control.egg-info/SOURCES.txt'
[0.537s] running build
[0.537s] running build_py
[0.537s] running install
[0.537s] running install_lib
[0.538s] running install_data
[0.538s] running install_egg_info
[0.539s] removing '/home/pk/simu/install/boat_control/lib/python3.10/site-packages/boat_control-0.0.0-py3.10.egg-info' (and everything under it)
[0.539s] Copying ../../build/boat_control/boat_control.egg-info to /home/pk/simu/install/boat_control/lib/python3.10/site-packages/boat_control-0.0.0-py3.10.egg-info
[0.540s] running install_scripts
[0.553s] Installing teleop script to /home/pk/simu/install/boat_control/lib/boat_control
[0.553s] writing list of installed files to '/home/pk/simu/build/boat_control/install.log'
[0.567s] Invoked command in '/home/pk/simu/src/boat_control' returned '0': PYTHONPATH=/home/pk/simu/build/boat_control/prefix_override:/usr/lib/python3/dist-packages/colcon_core/task/python/colcon_distutils_commands:/home/pk/simu/install/boat_control/lib/python3.10/site-packages:${PYTHONPATH} /usr/bin/python3 -W ignore:setup.py install is deprecated -W ignore:easy_install command is deprecated setup.py egg_info --egg-base ../../build/boat_control build --build-base /home/pk/simu/build/boat_control/build install --record /home/pk/simu/build/boat_control/install.log --single-version-externally-managed install_data
