[0.070s] DEBUG:colcon:Command line arguments: ['/usr/bin/colcon', 'build', '--packages-select', 'boat_control', '--symlink-install']
[0.070s] DEBUG:colcon:Parsed command line arguments: Namespace(log_base=None, log_level=None, verb_name='build', build_base='build', install_base='install', merge_install=False, symlink_install=True, test_result_base=None, continue_on_error=False, executor='parallel', parallel_workers=16, event_handlers=None, ignore_user_meta=False, metas=['./colcon.meta'], base_paths=['.'], packages_ignore=None, packages_ignore_regex=None, paths=None, packages_up_to=None, packages_up_to_regex=None, packages_above=None, packages_above_and_dependencies=None, packages_above_depth=None, packages_select_by_dep=None, packages_skip_by_dep=None, packages_skip_up_to=None, packages_select_build_failed=False, packages_skip_build_finished=False, packages_select_test_failures=False, packages_skip_test_passed=False, packages_select=['boat_control'], packages_skip=None, packages_select_regex=None, packages_skip_regex=None, packages_start=None, packages_end=None, allow_overriding=[], cmake_args=None, cmake_target=None, cmake_target_skip_unavailable=False, cmake_clean_cache=False, cmake_clean_first=False, cmake_force_configure=False, ament_cmake_args=None, catkin_cmake_args=None, catkin_skip_building_tests=False, verb_parser=<colcon_defaults.argument_parser.defaults.DefaultArgumentsDecorator object at 0x7232bc246da0>, verb_extension=<colcon_core.verb.build.BuildVerb object at 0x7232bc2464a0>, main=<bound method BuildVerb.main of <colcon_core.verb.build.BuildVerb object at 0x7232bc2464a0>>)
[0.162s] Level 1:colcon.colcon_core.package_discovery:discover_packages(colcon_meta) check parameters
[0.162s] Level 1:colcon.colcon_core.package_discovery:discover_packages(recursive) check parameters
[0.162s] Level 1:colcon.colcon_core.package_discovery:discover_packages(ignore) check parameters
[0.162s] Level 1:colcon.colcon_core.package_discovery:discover_packages(path) check parameters
[0.162s] Level 1:colcon.colcon_core.package_discovery:discover_packages(colcon_meta) discover
[0.162s] Level 1:colcon.colcon_core.package_discovery:discover_packages(recursive) discover
[0.162s] INFO:colcon.colcon_core.package_discovery:Crawling recursively for packages in '/home/vedanti/simuletion'
[0.162s] Level 1:colcon.colcon_core.package_identification:_identify(.) by extensions ['ignore', 'ignore_ament_install']
[0.162s] Level 1:colcon.colcon_core.package_identification:_identify(.) by extension 'ignore'
[0.162s] Level 1:colcon.colcon_core.package_identification:_identify(.) by extension 'ignore_ament_install'
[0.162s] Level 1:colcon.colcon_core.package_identification:_identify(.) by extensions ['colcon_pkg']
[0.162s] Level 1:colcon.colcon_core.package_identification:_identify(.) by extension 'colcon_pkg'
[0.162s] Level 1:colcon.colcon_core.package_identification:_identify(.) by extensions ['colcon_meta']
[0.162s] Level 1:colcon.colcon_core.package_identification:_identify(.) by extension 'colcon_meta'
[0.162s] Level 1:colcon.colcon_core.package_identification:_identify(.) by extensions ['ros']
[0.162s] Level 1:colcon.colcon_core.package_identification:_identify(.) by extension 'ros'
[0.170s] Level 1:colcon.colcon_core.package_identification:_identify(.) by extensions ['cmake', 'python']
[0.170s] Level 1:colcon.colcon_core.package_identification:_identify(.) by extension 'cmake'
[0.171s] Level 1:colcon.colcon_core.package_identification:_identify(.) by extension 'python'
[0.171s] Level 1:colcon.colcon_core.package_identification:_identify(.) by extensions ['python_setup_py']
[0.171s] Level 1:colcon.colcon_core.package_identification:_identify(.) by extension 'python_setup_py'
[0.171s] Level 1:colcon.colcon_core.package_identification:_identify(boat_1) by extensions ['ignore', 'ignore_ament_install']
[0.171s] Level 1:colcon.colcon_core.package_identification:_identify(boat_1) by extension 'ignore'
[0.171s] Level 1:colcon.colcon_core.package_identification:_identify(boat_1) by extension 'ignore_ament_install'
[0.171s] Level 1:colcon.colcon_core.package_identification:_identify(boat_1) by extensions ['colcon_pkg']
[0.171s] Level 1:colcon.colcon_core.package_identification:_identify(boat_1) by extension 'colcon_pkg'
[0.171s] Level 1:colcon.colcon_core.package_identification:_identify(boat_1) by extensions ['colcon_meta']
[0.171s] Level 1:colcon.colcon_core.package_identification:_identify(boat_1) by extension 'colcon_meta'
[0.171s] Level 1:colcon.colcon_core.package_identification:_identify(boat_1) by extensions ['ros']
[0.171s] Level 1:colcon.colcon_core.package_identification:_identify(boat_1) by extension 'ros'
[0.171s] Level 1:colcon.colcon_core.package_identification:_identify(boat_1) by extensions ['cmake', 'python']
[0.171s] Level 1:colcon.colcon_core.package_identification:_identify(boat_1) by extension 'cmake'
[0.171s] Level 1:colcon.colcon_core.package_identification:_identify(boat_1) by extension 'python'
[0.171s] Level 1:colcon.colcon_core.package_identification:_identify(boat_1) by extensions ['python_setup_py']
[0.171s] Level 1:colcon.colcon_core.package_identification:_identify(boat_1) by extension 'python_setup_py'
[0.171s] Level 1:colcon.colcon_core.package_identification:_identify(boat_1/meshes) by extensions ['ignore', 'ignore_ament_install']
[0.171s] Level 1:colcon.colcon_core.package_identification:_identify(boat_1/meshes) by extension 'ignore'
[0.171s] Level 1:colcon.colcon_core.package_identification:_identify(boat_1/meshes) by extension 'ignore_ament_install'
[0.171s] Level 1:colcon.colcon_core.package_identification:_identify(boat_1/meshes) by extensions ['colcon_pkg']
[0.171s] Level 1:colcon.colcon_core.package_identification:_identify(boat_1/meshes) by extension 'colcon_pkg'
[0.171s] Level 1:colcon.colcon_core.package_identification:_identify(boat_1/meshes) by extensions ['colcon_meta']
[0.171s] Level 1:colcon.colcon_core.package_identification:_identify(boat_1/meshes) by extension 'colcon_meta'
[0.171s] Level 1:colcon.colcon_core.package_identification:_identify(boat_1/meshes) by extensions ['ros']
[0.171s] Level 1:colcon.colcon_core.package_identification:_identify(boat_1/meshes) by extension 'ros'
[0.171s] Level 1:colcon.colcon_core.package_identification:_identify(boat_1/meshes) by extensions ['cmake', 'python']
[0.171s] Level 1:colcon.colcon_core.package_identification:_identify(boat_1/meshes) by extension 'cmake'
[0.171s] Level 1:colcon.colcon_core.package_identification:_identify(boat_1/meshes) by extension 'python'
[0.171s] Level 1:colcon.colcon_core.package_identification:_identify(boat_1/meshes) by extensions ['python_setup_py']
[0.171s] Level 1:colcon.colcon_core.package_identification:_identify(boat_1/meshes) by extension 'python_setup_py'
[0.171s] Level 1:colcon.colcon_core.package_identification:_identify(build) by extensions ['ignore', 'ignore_ament_install']
[0.172s] Level 1:colcon.colcon_core.package_identification:_identify(build) by extension 'ignore'
[0.172s] Level 1:colcon.colcon_core.package_identification:_identify(build) ignored
[0.172s] Level 1:colcon.colcon_core.package_identification:_identify(envarment) by extensions ['ignore', 'ignore_ament_install']
[0.172s] Level 1:colcon.colcon_core.package_identification:_identify(envarment) by extension 'ignore'
[0.172s] Level 1:colcon.colcon_core.package_identification:_identify(envarment) by extension 'ignore_ament_install'
[0.172s] Level 1:colcon.colcon_core.package_identification:_identify(envarment) by extensions ['colcon_pkg']
[0.172s] Level 1:colcon.colcon_core.package_identification:_identify(envarment) by extension 'colcon_pkg'
[0.172s] Level 1:colcon.colcon_core.package_identification:_identify(envarment) by extensions ['colcon_meta']
[0.172s] Level 1:colcon.colcon_core.package_identification:_identify(envarment) by extension 'colcon_meta'
[0.172s] Level 1:colcon.colcon_core.package_identification:_identify(envarment) by extensions ['ros']
[0.172s] Level 1:colcon.colcon_core.package_identification:_identify(envarment) by extension 'ros'
[0.172s] Level 1:colcon.colcon_core.package_identification:_identify(envarment) by extensions ['cmake', 'python']
[0.172s] Level 1:colcon.colcon_core.package_identification:_identify(envarment) by extension 'cmake'
[0.172s] Level 1:colcon.colcon_core.package_identification:_identify(envarment) by extension 'python'
[0.172s] Level 1:colcon.colcon_core.package_identification:_identify(envarment) by extensions ['python_setup_py']
[0.172s] Level 1:colcon.colcon_core.package_identification:_identify(envarment) by extension 'python_setup_py'
[0.172s] Level 1:colcon.colcon_core.package_identification:_identify(envarment/meshes) by extensions ['ignore', 'ignore_ament_install']
[0.172s] Level 1:colcon.colcon_core.package_identification:_identify(envarment/meshes) by extension 'ignore'
[0.172s] Level 1:colcon.colcon_core.package_identification:_identify(envarment/meshes) by extension 'ignore_ament_install'
[0.172s] Level 1:colcon.colcon_core.package_identification:_identify(envarment/meshes) by extensions ['colcon_pkg']
[0.172s] Level 1:colcon.colcon_core.package_identification:_identify(envarment/meshes) by extension 'colcon_pkg'
[0.172s] Level 1:colcon.colcon_core.package_identification:_identify(envarment/meshes) by extensions ['colcon_meta']
[0.172s] Level 1:colcon.colcon_core.package_identification:_identify(envarment/meshes) by extension 'colcon_meta'
[0.172s] Level 1:colcon.colcon_core.package_identification:_identify(envarment/meshes) by extensions ['ros']
[0.172s] Level 1:colcon.colcon_core.package_identification:_identify(envarment/meshes) by extension 'ros'
[0.172s] Level 1:colcon.colcon_core.package_identification:_identify(envarment/meshes) by extensions ['cmake', 'python']
[0.172s] Level 1:colcon.colcon_core.package_identification:_identify(envarment/meshes) by extension 'cmake'
[0.172s] Level 1:colcon.colcon_core.package_identification:_identify(envarment/meshes) by extension 'python'
[0.172s] Level 1:colcon.colcon_core.package_identification:_identify(envarment/meshes) by extensions ['python_setup_py']
[0.172s] Level 1:colcon.colcon_core.package_identification:_identify(envarment/meshes) by extension 'python_setup_py'
[0.172s] Level 1:colcon.colcon_core.package_identification:_identify(install) by extensions ['ignore', 'ignore_ament_install']
[0.172s] Level 1:colcon.colcon_core.package_identification:_identify(install) by extension 'ignore'
[0.172s] Level 1:colcon.colcon_core.package_identification:_identify(install) ignored
[0.172s] Level 1:colcon.colcon_core.package_identification:_identify(log) by extensions ['ignore', 'ignore_ament_install']
[0.173s] Level 1:colcon.colcon_core.package_identification:_identify(log) by extension 'ignore'
[0.173s] Level 1:colcon.colcon_core.package_identification:_identify(log) ignored
[0.173s] Level 1:colcon.colcon_core.package_identification:_identify(maps) by extensions ['ignore', 'ignore_ament_install']
[0.173s] Level 1:colcon.colcon_core.package_identification:_identify(maps) by extension 'ignore'
[0.173s] Level 1:colcon.colcon_core.package_identification:_identify(maps) by extension 'ignore_ament_install'
[0.173s] Level 1:colcon.colcon_core.package_identification:_identify(maps) by extensions ['colcon_pkg']
[0.173s] Level 1:colcon.colcon_core.package_identification:_identify(maps) by extension 'colcon_pkg'
[0.173s] Level 1:colcon.colcon_core.package_identification:_identify(maps) by extensions ['colcon_meta']
[0.173s] Level 1:colcon.colcon_core.package_identification:_identify(maps) by extension 'colcon_meta'
[0.173s] Level 1:colcon.colcon_core.package_identification:_identify(maps) by extensions ['ros']
[0.173s] Level 1:colcon.colcon_core.package_identification:_identify(maps) by extension 'ros'
[0.173s] Level 1:colcon.colcon_core.package_identification:_identify(maps) by extensions ['cmake', 'python']
[0.173s] Level 1:colcon.colcon_core.package_identification:_identify(maps) by extension 'cmake'
[0.173s] Level 1:colcon.colcon_core.package_identification:_identify(maps) by extension 'python'
[0.173s] Level 1:colcon.colcon_core.package_identification:_identify(maps) by extensions ['python_setup_py']
[0.173s] Level 1:colcon.colcon_core.package_identification:_identify(maps) by extension 'python_setup_py'
[0.173s] Level 1:colcon.colcon_core.package_identification:_identify(src) by extensions ['ignore', 'ignore_ament_install']
[0.173s] Level 1:colcon.colcon_core.package_identification:_identify(src) by extension 'ignore'
[0.173s] Level 1:colcon.colcon_core.package_identification:_identify(src) by extension 'ignore_ament_install'
[0.173s] Level 1:colcon.colcon_core.package_identification:_identify(src) by extensions ['colcon_pkg']
[0.173s] Level 1:colcon.colcon_core.package_identification:_identify(src) by extension 'colcon_pkg'
[0.173s] Level 1:colcon.colcon_core.package_identification:_identify(src) by extensions ['colcon_meta']
[0.173s] Level 1:colcon.colcon_core.package_identification:_identify(src) by extension 'colcon_meta'
[0.173s] Level 1:colcon.colcon_core.package_identification:_identify(src) by extensions ['ros']
[0.173s] Level 1:colcon.colcon_core.package_identification:_identify(src) by extension 'ros'
[0.173s] Level 1:colcon.colcon_core.package_identification:_identify(src) by extensions ['cmake', 'python']
[0.173s] Level 1:colcon.colcon_core.package_identification:_identify(src) by extension 'cmake'
[0.173s] Level 1:colcon.colcon_core.package_identification:_identify(src) by extension 'python'
[0.173s] Level 1:colcon.colcon_core.package_identification:_identify(src) by extensions ['python_setup_py']
[0.173s] Level 1:colcon.colcon_core.package_identification:_identify(src) by extension 'python_setup_py'
[0.174s] Level 1:colcon.colcon_core.package_identification:_identify(src/boat_control) by extensions ['ignore', 'ignore_ament_install']
[0.174s] Level 1:colcon.colcon_core.package_identification:_identify(src/boat_control) by extension 'ignore'
[0.174s] Level 1:colcon.colcon_core.package_identification:_identify(src/boat_control) by extension 'ignore_ament_install'
[0.174s] Level 1:colcon.colcon_core.package_identification:_identify(src/boat_control) by extensions ['colcon_pkg']
[0.174s] Level 1:colcon.colcon_core.package_identification:_identify(src/boat_control) by extension 'colcon_pkg'
[0.174s] Level 1:colcon.colcon_core.package_identification:_identify(src/boat_control) by extensions ['colcon_meta']
[0.174s] Level 1:colcon.colcon_core.package_identification:_identify(src/boat_control) by extension 'colcon_meta'
[0.174s] Level 1:colcon.colcon_core.package_identification:_identify(src/boat_control) by extensions ['ros']
[0.174s] Level 1:colcon.colcon_core.package_identification:_identify(src/boat_control) by extension 'ros'
[0.175s] DEBUG:colcon.colcon_core.package_identification:Package 'src/boat_control' with type 'ros.ament_python' and name 'boat_control'
[0.175s] Level 1:colcon.colcon_core.package_discovery:discover_packages(recursive) using defaults
[0.175s] Level 1:colcon.colcon_core.package_discovery:discover_packages(ignore) discover
[0.175s] Level 1:colcon.colcon_core.package_discovery:discover_packages(ignore) using defaults
[0.175s] Level 1:colcon.colcon_core.package_discovery:discover_packages(path) discover
[0.175s] Level 1:colcon.colcon_core.package_discovery:discover_packages(path) using defaults
[0.189s] Level 1:colcon.colcon_core.package_discovery:discover_packages(prefix_path) check parameters
[0.189s] Level 1:colcon.colcon_core.package_discovery:discover_packages(prefix_path) discover
[0.191s] DEBUG:colcon.colcon_installed_package_information.package_discovery:Found 284 installed packages in /opt/ros/humble
[0.198s] Level 1:colcon.colcon_core.package_discovery:discover_packages(prefix_path) using defaults
[0.220s] Level 5:colcon.colcon_core.verb:set package 'boat_control' build argument 'cmake_args' from command line to 'None'
[0.220s] Level 5:colcon.colcon_core.verb:set package 'boat_control' build argument 'cmake_target' from command line to 'None'
[0.220s] Level 5:colcon.colcon_core.verb:set package 'boat_control' build argument 'cmake_target_skip_unavailable' from command line to 'False'
[0.220s] Level 5:colcon.colcon_core.verb:set package 'boat_control' build argument 'cmake_clean_cache' from command line to 'False'
[0.220s] Level 5:colcon.colcon_core.verb:set package 'boat_control' build argument 'cmake_clean_first' from command line to 'False'
[0.220s] Level 5:colcon.colcon_core.verb:set package 'boat_control' build argument 'cmake_force_configure' from command line to 'False'
[0.220s] Level 5:colcon.colcon_core.verb:set package 'boat_control' build argument 'ament_cmake_args' from command line to 'None'
[0.220s] Level 5:colcon.colcon_core.verb:set package 'boat_control' build argument 'catkin_cmake_args' from command line to 'None'
[0.220s] Level 5:colcon.colcon_core.verb:set package 'boat_control' build argument 'catkin_skip_building_tests' from command line to 'False'
[0.221s] DEBUG:colcon.colcon_core.verb:Building package 'boat_control' with the following arguments: {'ament_cmake_args': None, 'build_base': '/home/vedanti/simuletion/build/boat_control', 'catkin_cmake_args': None, 'catkin_skip_building_tests': False, 'cmake_args': None, 'cmake_clean_cache': False, 'cmake_clean_first': False, 'cmake_force_configure': False, 'cmake_target': None, 'cmake_target_skip_unavailable': False, 'install_base': '/home/vedanti/simuletion/install/boat_control', 'merge_install': False, 'path': '/home/vedanti/simuletion/src/boat_control', 'symlink_install': True, 'test_result_base': None}
[0.221s] INFO:colcon.colcon_core.executor:Executing jobs using 'parallel' executor
[0.222s] DEBUG:colcon.colcon_parallel_executor.executor.parallel:run_until_complete
[0.222s] INFO:colcon.colcon_ros.task.ament_python.build:Building ROS package in '/home/vedanti/simuletion/src/boat_control' with build type 'ament_python'
[0.222s] Level 1:colcon.colcon_core.shell:create_environment_hook('boat_control', 'ament_prefix_path')
[0.223s] INFO:colcon.colcon_core.plugin_system:Skipping extension 'colcon_core.shell.bat': Not used on non-Windows systems
[0.223s] INFO:colcon.colcon_core.shell:Creating environment hook '/home/vedanti/simuletion/install/boat_control/share/boat_control/hook/ament_prefix_path.ps1'
[0.224s] INFO:colcon.colcon_core.shell:Creating environment descriptor '/home/vedanti/simuletion/install/boat_control/share/boat_control/hook/ament_prefix_path.dsv'
[0.224s] INFO:colcon.colcon_core.shell:Creating environment hook '/home/vedanti/simuletion/install/boat_control/share/boat_control/hook/ament_prefix_path.sh'
[0.224s] INFO:colcon.colcon_core.shell:Skip shell extension 'powershell' for command environment: Not usable outside of PowerShell
[0.225s] DEBUG:colcon.colcon_core.shell:Skip shell extension 'dsv' for command environment
[0.377s] INFO:colcon.colcon_core.task.python.build:Building Python package in '/home/vedanti/simuletion/src/boat_control'
[0.377s] INFO:colcon.colcon_core.shell:Skip shell extension 'powershell' for command environment: Not usable outside of PowerShell
[0.377s] DEBUG:colcon.colcon_core.shell:Skip shell extension 'dsv' for command environment
[0.570s] DEBUG:colcon.colcon_core.event_handler.log_command:Invoking command in '/home/vedanti/simuletion/build/boat_control': PYTHONPATH=/home/vedanti/simuletion/build/boat_control/prefix_override:/usr/lib/python3/dist-packages/colcon_core/task/python/colcon_distutils_commands:/home/vedanti/simuletion/install/boat_control/lib/python3.10/site-packages:${PYTHONPATH} /usr/bin/python3 -W ignore:setup.py install is deprecated -W ignore:easy_install command is deprecated setup.py develop --editable --build-directory /home/vedanti/simuletion/build/boat_control/build --no-deps symlink_data
[0.813s] Level 1:colcon.colcon_core.shell:create_environment_hook('boat_control', 'pythonpath_develop')
[0.813s] INFO:colcon.colcon_core.shell:Creating environment hook '/home/vedanti/simuletion/build/boat_control/share/boat_control/hook/pythonpath_develop.ps1'
[0.814s] DEBUG:colcon.colcon_core.event_handler.log_command:Invoked command in '/home/vedanti/simuletion/build/boat_control' returned '0': PYTHONPATH=/home/vedanti/simuletion/build/boat_control/prefix_override:/usr/lib/python3/dist-packages/colcon_core/task/python/colcon_distutils_commands:/home/vedanti/simuletion/install/boat_control/lib/python3.10/site-packages:${PYTHONPATH} /usr/bin/python3 -W ignore:setup.py install is deprecated -W ignore:easy_install command is deprecated setup.py develop --editable --build-directory /home/vedanti/simuletion/build/boat_control/build --no-deps symlink_data
[0.814s] INFO:colcon.colcon_core.shell:Creating environment descriptor '/home/vedanti/simuletion/build/boat_control/share/boat_control/hook/pythonpath_develop.dsv'
[0.814s] INFO:colcon.colcon_core.shell:Creating environment hook '/home/vedanti/simuletion/build/boat_control/share/boat_control/hook/pythonpath_develop.sh'
[0.815s] Level 1:colcon.colcon_core.environment:checking '/home/vedanti/simuletion/install/boat_control' for CMake module files
[0.816s] Level 1:colcon.colcon_core.environment:checking '/home/vedanti/simuletion/install/boat_control' for CMake config files
[0.816s] Level 1:colcon.colcon_core.environment:checking '/home/vedanti/simuletion/install/boat_control/lib'
[0.816s] Level 1:colcon.colcon_core.environment:checking '/home/vedanti/simuletion/install/boat_control/bin'
[0.816s] Level 1:colcon.colcon_core.environment:checking '/home/vedanti/simuletion/install/boat_control/lib/pkgconfig/boat_control.pc'
[0.816s] Level 1:colcon.colcon_core.environment:checking '/home/vedanti/simuletion/install/boat_control/lib/python3.10/site-packages'
[0.816s] Level 1:colcon.colcon_core.shell:create_environment_hook('boat_control', 'pythonpath')
[0.816s] INFO:colcon.colcon_core.shell:Creating environment hook '/home/vedanti/simuletion/install/boat_control/share/boat_control/hook/pythonpath.ps1'
[0.817s] INFO:colcon.colcon_core.shell:Creating environment descriptor '/home/vedanti/simuletion/install/boat_control/share/boat_control/hook/pythonpath.dsv'
[0.817s] INFO:colcon.colcon_core.shell:Creating environment hook '/home/vedanti/simuletion/install/boat_control/share/boat_control/hook/pythonpath.sh'
[0.817s] Level 1:colcon.colcon_core.environment:checking '/home/vedanti/simuletion/install/boat_control/bin'
[0.817s] Level 1:colcon.colcon_core.environment:create_environment_scripts_only(boat_control)
[0.817s] INFO:colcon.colcon_core.shell:Creating package script '/home/vedanti/simuletion/install/boat_control/share/boat_control/package.ps1'
[0.818s] INFO:colcon.colcon_core.shell:Creating package descriptor '/home/vedanti/simuletion/install/boat_control/share/boat_control/package.dsv'
[0.818s] INFO:colcon.colcon_core.shell:Creating package script '/home/vedanti/simuletion/install/boat_control/share/boat_control/package.sh'
[0.819s] INFO:colcon.colcon_core.shell:Creating package script '/home/vedanti/simuletion/install/boat_control/share/boat_control/package.bash'
[0.819s] INFO:colcon.colcon_core.shell:Creating package script '/home/vedanti/simuletion/install/boat_control/share/boat_control/package.zsh'
[0.819s] Level 1:colcon.colcon_core.environment:create_file_with_runtime_dependencies(/home/vedanti/simuletion/install/boat_control/share/colcon-core/packages/boat_control)
[0.819s] DEBUG:colcon.colcon_parallel_executor.executor.parallel:closing loop
[0.819s] DEBUG:colcon.colcon_parallel_executor.executor.parallel:loop closed
[0.819s] DEBUG:colcon.colcon_parallel_executor.executor.parallel:run_until_complete finished with '0'
[0.820s] DEBUG:colcon.colcon_core.event_reactor:joining thread
[0.823s] INFO:colcon.colcon_core.plugin_system:Skipping extension 'colcon_notification.desktop_notification.terminal_notifier': Not used on non-Darwin systems
[0.823s] INFO:colcon.colcon_core.plugin_system:Skipping extension 'colcon_notification.desktop_notification.win32': Not used on non-Windows systems
[0.823s] INFO:colcon.colcon_notification.desktop_notification:Sending desktop notification using 'notify2'
[0.830s] DEBUG:colcon.colcon_core.event_reactor:joined thread
[0.831s] INFO:colcon.colcon_core.shell:Creating prefix script '/home/vedanti/simuletion/install/local_setup.ps1'
[0.831s] INFO:colcon.colcon_core.shell:Creating prefix util module '/home/vedanti/simuletion/install/_local_setup_util_ps1.py'
[0.832s] INFO:colcon.colcon_core.shell:Creating prefix chain script '/home/vedanti/simuletion/install/setup.ps1'
[0.832s] INFO:colcon.colcon_core.shell:Creating prefix script '/home/vedanti/simuletion/install/local_setup.sh'
[0.833s] INFO:colcon.colcon_core.shell:Creating prefix util module '/home/vedanti/simuletion/install/_local_setup_util_sh.py'
[0.833s] INFO:colcon.colcon_core.shell:Creating prefix chain script '/home/vedanti/simuletion/install/setup.sh'
[0.834s] INFO:colcon.colcon_core.shell:Creating prefix script '/home/vedanti/simuletion/install/local_setup.bash'
[0.834s] INFO:colcon.colcon_core.shell:Creating prefix chain script '/home/vedanti/simuletion/install/setup.bash'
[0.834s] INFO:colcon.colcon_core.shell:Creating prefix script '/home/vedanti/simuletion/install/local_setup.zsh'
[0.835s] INFO:colcon.colcon_core.shell:Creating prefix chain script '/home/vedanti/simuletion/install/setup.zsh'
