running develop
running egg_info
writing boat_control.egg-info/PKG-INFO
writing dependency_links to boat_control.egg-info/dependency_links.txt
writing entry points to boat_control.egg-info/entry_points.txt
writing requirements to boat_control.egg-info/requires.txt
writing top-level names to boat_control.egg-info/top_level.txt
reading manifest file 'boat_control.egg-info/SOURCES.txt'
writing manifest file 'boat_control.egg-info/SOURCES.txt'
running build_ext
Creating /home/vedanti/simuletion/install/boat_control/lib/python3.10/site-packages/boat-control.egg-link (link to .)
Installing absolute_mapper script to /home/vedanti/simuletion/install/boat_control/lib/boat_control
Installing auto_explorer script to /home/vedanti/simuletion/install/boat_control/lib/boat_control
Installing auto_wander script to /home/vedanti/simuletion/install/boat_control/lib/boat_control
Installing dwa_explorer script to /home/vedanti/simuletion/install/boat_control/lib/boat_control
Installing lidar_explorer script to /home/vedanti/simuletion/install/boat_control/lib/boat_control
Installing pose_to_tf script to /home/vedanti/simuletion/install/boat_control/lib/boat_control
Installing smart_explorer script to /home/vedanti/simuletion/install/boat_control/lib/boat_control
Installing teleop script to /home/vedanti/simuletion/install/boat_control/lib/boat_control

Installed /home/vedanti/simuletion/build/boat_control
running symlink_data
