[0.465s] Invoking command in '/home/pk/simu/src/boat_control': PYTHONPATH=/home/pk/simu/build/boat_control/prefix_override:/usr/lib/python3/dist-packages/colcon_core/task/python/colcon_distutils_commands:/home/pk/simu/install/boat_control/lib/python3.10/site-packages:${PYTHONPATH} /usr/bin/python3 -W ignore:setup.py install is deprecated -W ignore:easy_install command is deprecated setup.py egg_info --egg-base ../../build/boat_control build --build-base /home/pk/simu/build/boat_control/build install --record /home/pk/simu/build/boat_control/install.log --single-version-externally-managed install_data
[0.625s] running egg_info
[0.625s] creating ../../build/boat_control/boat_control.egg-info
[0.625s] writing ../../build/boat_control/boat_control.egg-info/PKG-INFO
[0.625s] writing dependency_links to ../../build/boat_control/boat_control.egg-info/dependency_links.txt
[0.625s] writing entry points to ../../build/boat_control/boat_control.egg-info/entry_points.txt
[0.625s] writing requirements to ../../build/boat_control/boat_control.egg-info/requires.txt
[0.625s] writing top-level names to ../../build/boat_control/boat_control.egg-info/top_level.txt
[0.626s] writing manifest file '../../build/boat_control/boat_control.egg-info/SOURCES.txt'
[0.627s] reading manifest file '../../build/boat_control/boat_control.egg-info/SOURCES.txt'
[0.627s] writing manifest file '../../build/boat_control/boat_control.egg-info/SOURCES.txt'
[0.627s] running build
[0.627s] running build_py
[0.627s] creating /home/pk/simu/build/boat_control/build
[0.627s] creating /home/pk/simu/build/boat_control/build/lib
[0.627s] creating /home/pk/simu/build/boat_control/build/lib/boat_control
[0.627s] copying boat_control/boat_teleop.py -> /home/pk/simu/build/boat_control/build/lib/boat_control
[0.627s] copying boat_control/__init__.py -> /home/pk/simu/build/boat_control/build/lib/boat_control
[0.627s] running install
[0.628s] running install_lib
[0.628s] creating /home/pk/simu/install/boat_control/lib/python3.10/site-packages/boat_control
[0.628s] copying /home/pk/simu/build/boat_control/build/lib/boat_control/boat_teleop.py -> /home/pk/simu/install/boat_control/lib/python3.10/site-packages/boat_control
[0.628s] copying /home/pk/simu/build/boat_control/build/lib/boat_control/__init__.py -> /home/pk/simu/install/boat_control/lib/python3.10/site-packages/boat_control
[0.628s] byte-compiling /home/pk/simu/install/boat_control/lib/python3.10/site-packages/boat_control/boat_teleop.py to boat_teleop.cpython-310.pyc
[0.629s] byte-compiling /home/pk/simu/install/boat_control/lib/python3.10/site-packages/boat_control/__init__.py to __init__.cpython-310.pyc
[0.629s] running install_data
[0.629s] creating /home/pk/simu/install/boat_control/share/ament_index
[0.629s] creating /home/pk/simu/install/boat_control/share/ament_index/resource_index
[0.629s] creating /home/pk/simu/install/boat_control/share/ament_index/resource_index/packages
[0.629s] copying resource/boat_control -> /home/pk/simu/install/boat_control/share/ament_index/resource_index/packages
[0.629s] copying package.xml -> /home/pk/simu/install/boat_control/share/boat_control
[0.629s] creating /home/pk/simu/install/boat_control/share/boat_control/launch
[0.629s] copying launch/boat_bridge.launch.py -> /home/pk/simu/install/boat_control/share/boat_control/launch
[0.629s] running install_egg_info
[0.631s] Copying ../../build/boat_control/boat_control.egg-info to /home/pk/simu/install/boat_control/lib/python3.10/site-packages/boat_control-0.0.0-py3.10.egg-info
[0.632s] running install_scripts
[0.646s] writing list of installed files to '/home/pk/simu/build/boat_control/install.log'
[0.662s] Invoked command in '/home/pk/simu/src/boat_control' returned '0': PYTHONPATH=/home/pk/simu/build/boat_control/prefix_override:/usr/lib/python3/dist-packages/colcon_core/task/python/colcon_distutils_commands:/home/pk/simu/install/boat_control/lib/python3.10/site-packages:${PYTHONPATH} /usr/bin/python3 -W ignore:setup.py install is deprecated -W ignore:easy_install command is deprecated setup.py egg_info --egg-base ../../build/boat_control build --build-base /home/pk/simu/build/boat_control/build install --record /home/pk/simu/build/boat_control/install.log --single-version-externally-managed install_data
